<?xml version="1.0" encoding="UTF-8"?>
<testsuite xmlns:xsi="http://www.w3.org/2001/XMLSchema-instance" xsi:noNamespaceSchemaLocation="https://maven.apache.org/surefire/maven-surefire-plugin/xsd/surefire-test-report-3.0.xsd" version="3.0" name="TestSuite" time="15.485" tests="1" errors="0" skipped="0" failures="1">
  <properties>
    <property name="java.specification.version" value="15"/>
    <property name="webdriver.chrome.driver" value="/Users/olhalavrynenko/Downloads/chromedriver"/>
    <property name="sun.jnu.encoding" value="UTF-8"/>
    <property name="java.class.path" value="/Users/olhalavrynenko/Desktop/myFirstMavenProject/myFirstMavenProject/target/test-classes:/Users/olhalavrynenko/Desktop/myFirstMavenProject/myFirstMavenProject/target/classes:/Users/olhalavrynenko/.m2/repository/io/qameta/allure/allure-testng/2.13.3/allure-testng-2.13.3.jar:/Users/olhalavrynenko/.m2/repository/io/qameta/allure/allure-java-commons/2.13.3/allure-java-commons-2.13.3.jar:/Users/olhalavrynenko/.m2/repository/io/qameta/allure/allure-model/2.13.3/allure-model-2.13.3.jar:/Users/olhalavrynenko/.m2/repository/com/fasterxml/jackson/core/jackson-databind/2.9.8/jackson-databind-2.9.8.jar:/Users/olhalavrynenko/.m2/repository/com/fasterxml/jackson/core/jackson-annotations/2.9.0/jackson-annotations-2.9.0.jar:/Users/olhalavrynenko/.m2/repository/com/fasterxml/jackson/core/jackson-core/2.9.8/jackson-core-2.9.8.jar:/Users/olhalavrynenko/.m2/repository/org/apache/tika/tika-core/1.20/tika-core-1.20.jar:/Users/olhalavrynenko/.m2/repository/org/jooq/joor-java-8/0.9.10/joor-java-8-0.9.10.jar:/Users/olhalavrynenko/.m2/repository/org/assertj/assertj-core/3.16.1/assertj-core-3.16.1.jar:/Users/olhalavrynenko/.m2/repository/org/seleniumhq/selenium/selenium-chrome-driver/3.141.59/selenium-chrome-driver-3.141.59.jar:/Users/olhalavrynenko/.m2/repository/org/seleniumhq/selenium/selenium-api/3.141.59/selenium-api-3.141.59.jar:/Users/olhalavrynenko/.m2/repository/org/seleniumhq/selenium/selenium-remote-driver/3.141.59/selenium-remote-driver-3.141.59.jar:/Users/olhalavrynenko/.m2/repository/net/bytebuddy/byte-buddy/1.8.15/byte-buddy-1.8.15.jar:/Users/olhalavrynenko/.m2/repository/org/apache/commons/commons-exec/1.3/commons-exec-1.3.jar:/Users/olhalavrynenko/.m2/repository/com/google/guava/guava/25.0-jre/guava-25.0-jre.jar:/Users/olhalavrynenko/.m2/repository/com/google/code/findbugs/jsr305/1.3.9/jsr305-1.3.9.jar:/Users/olhalavrynenko/.m2/repository/org/checkerframework/checker-compat-qual/2.0.0/checker-compat-qual-2.0.0.jar:/Users/olhalavrynenko/.m2/repository/com/google/errorprone/error_prone_annotations/2.1.3/error_prone_annotations-2.1.3.jar:/Users/olhalavrynenko/.m2/repository/com/google/j2objc/j2objc-annotations/1.1/j2objc-annotations-1.1.jar:/Users/olhalavrynenko/.m2/repository/org/codehaus/mojo/animal-sniffer-annotations/1.14/animal-sniffer-annotations-1.14.jar:/Users/olhalavrynenko/.m2/repository/com/squareup/okhttp3/okhttp/3.11.0/okhttp-3.11.0.jar:/Users/olhalavrynenko/.m2/repository/com/squareup/okio/okio/1.14.0/okio-1.14.0.jar:/Users/olhalavrynenko/.m2/repository/org/seleniumhq/selenium/selenium-support/3.141.59/selenium-support-3.141.59.jar:/Users/olhalavrynenko/.m2/repository/org/hamcrest/java-hamcrest/2.0.0.0/java-hamcrest-2.0.0.0.jar:/Users/olhalavrynenko/.m2/repository/io/github/bonigarcia/webdrivermanager/3.7.1/webdrivermanager-3.7.1.jar:/Users/olhalavrynenko/.m2/repository/org/slf4j/slf4j-api/1.7.25/slf4j-api-1.7.25.jar:/Users/olhalavrynenko/.m2/repository/commons-io/commons-io/2.6/commons-io-2.6.jar:/Users/olhalavrynenko/.m2/repository/com/google/code/gson/gson/2.8.5/gson-2.8.5.jar:/Users/olhalavrynenko/.m2/repository/org/apache/commons/commons-lang3/3.8.1/commons-lang3-3.8.1.jar:/Users/olhalavrynenko/.m2/repository/org/apache/httpcomponents/httpclient/4.5.6/httpclient-4.5.6.jar:/Users/olhalavrynenko/.m2/repository/org/apache/httpcomponents/httpcore/4.4.10/httpcore-4.4.10.jar:/Users/olhalavrynenko/.m2/repository/commons-logging/commons-logging/1.2/commons-logging-1.2.jar:/Users/olhalavrynenko/.m2/repository/commons-codec/commons-codec/1.10/commons-codec-1.10.jar:/Users/olhalavrynenko/.m2/repository/org/rauschig/jarchivelib/1.0.0/jarchivelib-1.0.0.jar:/Users/olhalavrynenko/.m2/repository/org/apache/commons/commons-compress/1.18/commons-compress-1.18.jar:/Users/olhalavrynenko/.m2/repository/org/jsoup/jsoup/1.11.3/jsoup-1.11.3.jar:/Users/olhalavrynenko/.m2/repository/org/testng/testng/7.0.0/testng-7.0.0.jar:/Users/olhalavrynenko/.m2/repository/com/beust/jcommander/1.72/jcommander-1.72.jar:"/>
    <property name="java.vm.vendor" value="Oracle Corporation"/>
    <property name="sun.arch.data.model" value="64"/>
    <property name="java.vendor.url" value="https://openjdk.java.net/"/>
    <property name="user.timezone" value="Europe/Kiev"/>
    <property name="os.name" value="Mac OS X"/>
    <property name="java.vm.specification.version" value="15"/>
    <property name="sun.java.launcher" value="SUN_STANDARD"/>
    <property name="user.country" value="UA"/>
    <property name="sun.boot.library.path" value="/usr/local/Cellar/openjdk/15.0.1/libexec/openjdk.jdk/Contents/Home/lib"/>
    <property name="sun.java.command" value="/Users/olhalavrynenko/Desktop/myFirstMavenProject/myFirstMavenProject/target/surefire/surefirebooter3186654215675029716.jar /Users/olhalavrynenko/Desktop/myFirstMavenProject/myFirstMavenProject/target/surefire 2020-11-29T19-11-52_300-jvmRun1 surefire14559907595876451992tmp surefire_02143457638659152130tmp"/>
    <property name="jdk.debug" value="release"/>
    <property name="surefire.test.class.path" value="/Users/olhalavrynenko/Desktop/myFirstMavenProject/myFirstMavenProject/target/test-classes:/Users/olhalavrynenko/Desktop/myFirstMavenProject/myFirstMavenProject/target/classes:/Users/olhalavrynenko/.m2/repository/io/qameta/allure/allure-testng/2.13.3/allure-testng-2.13.3.jar:/Users/olhalavrynenko/.m2/repository/io/qameta/allure/allure-java-commons/2.13.3/allure-java-commons-2.13.3.jar:/Users/olhalavrynenko/.m2/repository/io/qameta/allure/allure-model/2.13.3/allure-model-2.13.3.jar:/Users/olhalavrynenko/.m2/repository/com/fasterxml/jackson/core/jackson-databind/2.9.8/jackson-databind-2.9.8.jar:/Users/olhalavrynenko/.m2/repository/com/fasterxml/jackson/core/jackson-annotations/2.9.0/jackson-annotations-2.9.0.jar:/Users/olhalavrynenko/.m2/repository/com/fasterxml/jackson/core/jackson-core/2.9.8/jackson-core-2.9.8.jar:/Users/olhalavrynenko/.m2/repository/org/apache/tika/tika-core/1.20/tika-core-1.20.jar:/Users/olhalavrynenko/.m2/repository/org/jooq/joor-java-8/0.9.10/joor-java-8-0.9.10.jar:/Users/olhalavrynenko/.m2/repository/org/assertj/assertj-core/3.16.1/assertj-core-3.16.1.jar:/Users/olhalavrynenko/.m2/repository/org/seleniumhq/selenium/selenium-chrome-driver/3.141.59/selenium-chrome-driver-3.141.59.jar:/Users/olhalavrynenko/.m2/repository/org/seleniumhq/selenium/selenium-api/3.141.59/selenium-api-3.141.59.jar:/Users/olhalavrynenko/.m2/repository/org/seleniumhq/selenium/selenium-remote-driver/3.141.59/selenium-remote-driver-3.141.59.jar:/Users/olhalavrynenko/.m2/repository/net/bytebuddy/byte-buddy/1.8.15/byte-buddy-1.8.15.jar:/Users/olhalavrynenko/.m2/repository/org/apache/commons/commons-exec/1.3/commons-exec-1.3.jar:/Users/olhalavrynenko/.m2/repository/com/google/guava/guava/25.0-jre/guava-25.0-jre.jar:/Users/olhalavrynenko/.m2/repository/com/google/code/findbugs/jsr305/1.3.9/jsr305-1.3.9.jar:/Users/olhalavrynenko/.m2/repository/org/checkerframework/checker-compat-qual/2.0.0/checker-compat-qual-2.0.0.jar:/Users/olhalavrynenko/.m2/repository/com/google/errorprone/error_prone_annotations/2.1.3/error_prone_annotations-2.1.3.jar:/Users/olhalavrynenko/.m2/repository/com/google/j2objc/j2objc-annotations/1.1/j2objc-annotations-1.1.jar:/Users/olhalavrynenko/.m2/repository/org/codehaus/mojo/animal-sniffer-annotations/1.14/animal-sniffer-annotations-1.14.jar:/Users/olhalavrynenko/.m2/repository/com/squareup/okhttp3/okhttp/3.11.0/okhttp-3.11.0.jar:/Users/olhalavrynenko/.m2/repository/com/squareup/okio/okio/1.14.0/okio-1.14.0.jar:/Users/olhalavrynenko/.m2/repository/org/seleniumhq/selenium/selenium-support/3.141.59/selenium-support-3.141.59.jar:/Users/olhalavrynenko/.m2/repository/org/hamcrest/java-hamcrest/2.0.0.0/java-hamcrest-2.0.0.0.jar:/Users/olhalavrynenko/.m2/repository/io/github/bonigarcia/webdrivermanager/3.7.1/webdrivermanager-3.7.1.jar:/Users/olhalavrynenko/.m2/repository/org/slf4j/slf4j-api/1.7.25/slf4j-api-1.7.25.jar:/Users/olhalavrynenko/.m2/repository/commons-io/commons-io/2.6/commons-io-2.6.jar:/Users/olhalavrynenko/.m2/repository/com/google/code/gson/gson/2.8.5/gson-2.8.5.jar:/Users/olhalavrynenko/.m2/repository/org/apache/commons/commons-lang3/3.8.1/commons-lang3-3.8.1.jar:/Users/olhalavrynenko/.m2/repository/org/apache/httpcomponents/httpclient/4.5.6/httpclient-4.5.6.jar:/Users/olhalavrynenko/.m2/repository/org/apache/httpcomponents/httpcore/4.4.10/httpcore-4.4.10.jar:/Users/olhalavrynenko/.m2/repository/commons-logging/commons-logging/1.2/commons-logging-1.2.jar:/Users/olhalavrynenko/.m2/repository/commons-codec/commons-codec/1.10/commons-codec-1.10.jar:/Users/olhalavrynenko/.m2/repository/org/rauschig/jarchivelib/1.0.0/jarchivelib-1.0.0.jar:/Users/olhalavrynenko/.m2/repository/org/apache/commons/commons-compress/1.18/commons-compress-1.18.jar:/Users/olhalavrynenko/.m2/repository/org/jsoup/jsoup/1.11.3/jsoup-1.11.3.jar:/Users/olhalavrynenko/.m2/repository/org/testng/testng/7.0.0/testng-7.0.0.jar:/Users/olhalavrynenko/.m2/repository/com/beust/jcommander/1.72/jcommander-1.72.jar:"/>
    <property name="allure.results.directory" value="/Users/olhalavrynenko/Desktop/myFirstMavenProject/myFirstMavenProject/target/allure-results"/>
    <property name="sun.cpu.endian" value="little"/>
    <property name="user.home" value="/Users/olhalavrynenko"/>
    <property name="user.language" value="ru"/>
    <property name="java.specification.vendor" value="Oracle Corporation"/>
    <property name="java.version.date" value="2020-10-20"/>
    <property name="java.home" value="/usr/local/Cellar/openjdk/15.0.1/libexec/openjdk.jdk/Contents/Home"/>
    <property name="file.separator" value="/"/>
    <property name="basedir" value="/Users/olhalavrynenko/Desktop/myFirstMavenProject/myFirstMavenProject"/>
    <property name="java.vm.compressedOopsMode" value="Zero based"/>
    <property name="line.separator" value="&#10;"/>
    <property name="java.vm.specification.vendor" value="Oracle Corporation"/>
    <property name="java.specification.name" value="Java Platform API Specification"/>
    <property name="surefire.real.class.path" value="/Users/olhalavrynenko/Desktop/myFirstMavenProject/myFirstMavenProject/target/surefire/surefirebooter3186654215675029716.jar"/>
    <property name="sun.management.compiler" value="HotSpot 64-Bit Tiered Compilers"/>
    <property name="java.runtime.version" value="15.0.1+9"/>
    <property name="user.name" value="olhalavrynenko"/>
    <property name="path.separator" value=":"/>
    <property name="os.version" value="10.15.6"/>
    <property name="java.runtime.name" value="OpenJDK Runtime Environment"/>
    <property name="file.encoding" value="US-ASCII"/>
    <property name="java.vm.name" value="OpenJDK 64-Bit Server VM"/>
    <property name="localRepository" value="/Users/olhalavrynenko/.m2/repository"/>
    <property name="java.vendor.url.bug" value="https://bugreport.java.com/bugreport/"/>
    <property name="java.io.tmpdir" value="/var/folders/55/8h8xstv51bg61ssxqh40jsf40000gn/T/"/>
    <property name="java.version" value="15.0.1"/>
    <property name="user.dir" value="/Users/olhalavrynenko/Desktop/myFirstMavenProject/myFirstMavenProject"/>
    <property name="os.arch" value="x86_64"/>
    <property name="java.vm.specification.name" value="Java Virtual Machine Specification"/>
    <property name="java.library.path" value="/Users/olhalavrynenko/Library/Java/Extensions:/Library/Java/Extensions:/Network/Library/Java/Extensions:/System/Library/Java/Extensions:/usr/lib/java:."/>
    <property name="java.vm.info" value="mixed mode, sharing"/>
    <property name="java.vendor" value="N/A"/>
    <property name="java.vm.version" value="15.0.1+9"/>
    <property name="sun.io.unicode.encoding" value="UnicodeBig"/>
    <property name="java.class.version" value="59.0"/>
  </properties>
  <testcase name="addNewComputer" classname="maven.example.addComputer.AddComputerTest" time="11.703">
    <failure message="computer not found did not expect to find [true] but found [false]" type="java.lang.AssertionError"><![CDATA[java.lang.AssertionError: computer not found did not expect to find [true] but found [false]
	at maven.example.addComputer.AddComputerTest.addNewComputer(AddComputerTest.java:38)
]]></failure>
    <system-out><![CDATA[element not found
]]></system-out>
    <system-err><![CDATA[SLF4J: Failed to load class "org.slf4j.impl.StaticLoggerBinder".
SLF4J: Defaulting to no-operation (NOP) logger implementation
SLF4J: See http://www.slf4j.org/codes.html#StaticLoggerBinder for further details.
Starting ChromeDriver 86.0.4240.22 (398b0743353ff36fb1b82468f63a3a93b4e2e89e-refs/branch-heads/4240@{#378}) on port 21253
Only local connections are allowed.
Please see https://chromedriver.chromium.org/security-considerations for suggestions on keeping ChromeDriver safe.
ChromeDriver was started successfully.
[1606669916.251][WARNING]: This version of ChromeDriver has not been tested with Chrome version 87.
????. 29, 2020 7:11:56 PM org.openqa.selenium.remote.ProtocolHandshake createSession
INFO: Detected dialect: W3C
]]></system-err>
  </testcase>
</testsuite>